2019-06-03 11:33:30 [scrapy] DEBUG: Crawled (404) <GET http://www2.repuve.gob.mx:8080/robots.txt> (referer: None)
2019-06-03 11:33:33 [scrapy] DEBUG: Crawled (200) <GET http://www2.repuve.gob.mx:8080/ciudadania/servletconsulta> (referer: None)
2019-06-03 11:33:34 [scrapy] DEBUG: Crawled (200) <GET http://www2.repuve.gob.mx:8080/ciudadania/jcaptcha> (referer: http://www2.repuve.gob.mx:8080/ciudadania/servletconsulta)
2019-06-03 11:33:44 [scrapy] DEBUG: Crawled (200) <POST http://www2.repuve.gob.mx:8080/ciudadania/servletconsulta> (referer: http://www2.repuve.gob.mx:8080/ciudadania/jcaptcha)
2019-06-03 11:33:54 [scrapy] DEBUG: Crawled (200) <GET http://www2.repuve.gob.mx:8080/ciudadania/servletconsulta> (referer: http://www2.repuve.gob.mx:8080/ciudadania/servletconsulta)
2019-06-03 11:33:55 [scrapy] DEBUG: Crawled (200) <GET http://www2.repuve.gob.mx:8080/ciudadania/jcaptcha> (referer: http://www2.repuve.gob.mx:8080/ciudadania/servletconsulta)
2019-06-03 11:36:55 [scrapy] DEBUG: Retrying <POST http://www2.repuve.gob.mx:8080/ciudadania/servletconsulta> (failed 1 times): User timeout caused connection failure: Getting http://www2.repuve.gob.mx:8080/ciudadania/servletconsulta took longer than 180.0 seconds..
2019-06-03 11:37:22 [scrapy] DEBUG: Crawled (200) <POST http://www2.repuve.gob.mx:8080/ciudadania/servletconsulta> (referer: http://www2.repuve.gob.mx:8080/ciudadania/jcaptcha)
2019-06-03 11:37:23 [scrapy] DEBUG: Scraped from <200 http://www2.repuve.gob.mx:8080/ciudadania/servletconsulta>
{'brand': None, 'model': None, 'yearModel': None, 'class_': None, 'type_': None, 'niv': None, 'nci': None, 'plate': None, 'doors': None, 'originCity': None, 'version': None, 'ccl': None, 'cylinders': None, 'axles': None, 'assemblyPlant': None, 'extra': None, 'enrolledInstitution': None, 'enrolledDate': None, 'enrolledHour': None, 'registrationEntity': None, 'registrationDate': None, 'lastUpdate': None, 'PGJ': None, 'OCRA': None}
2019-06-03 11:37:23 [scrapy] INFO: Closing spider (finished)
2019-06-03 11:37:23 [scrapy] INFO: Dumping Scrapy stats:
{'downloader/exception_count': 1,
 'downloader/exception_type_count/twisted.internet.error.TimeoutError': 1,
 'downloader/request_bytes': 3743,
 'downloader/request_count': 8,
 'downloader/request_method_count/GET': 5,
 'downloader/request_method_count/POST': 3,
 'downloader/response_bytes': 67974,
 'downloader/response_count': 7,
 'downloader/response_status_count/200': 6,
 'downloader/response_status_count/404': 1,
 'finish_reason': 'finished',
 'finish_time': datetime.datetime(2019, 6, 3, 16, 37, 23, 56916),
 'item_scraped_count': 1,
 'log_count/DEBUG': 10,
 'log_count/INFO': 12,
 'request_depth_max': 5,
 'response_received_count': 7,
 'retry/count': 1,
 'retry/reason_count/twisted.internet.error.TimeoutError': 1,
 'robotstxt/request_count': 1,
 'robotstxt/response_count': 1,
 'robotstxt/response_status_count/404': 1,
 'scheduler/dequeued': 7,
 'scheduler/dequeued/memory': 7,
 'scheduler/enqueued': 7,
 'scheduler/enqueued/memory': 7,
 'start_time': datetime.datetime(2019, 6, 3, 16, 33, 15, 673767)}
2019-06-03 11:37:23 [scrapy] INFO: Spider closed (finished)
