2019-06-03 10:56:34 [scrapy] DEBUG: Crawled (404) <GET http://www2.repuve.gob.mx:8080/robots.txt> (referer: None)
2019-06-03 10:56:35 [scrapy] DEBUG: Crawled (200) <GET http://www2.repuve.gob.mx:8080/ciudadania/servletconsulta> (referer: None)
2019-06-03 10:56:35 [scrapy] DEBUG: Crawled (200) <GET http://www2.repuve.gob.mx:8080/ciudadania/jcaptcha> (referer: http://www2.repuve.gob.mx:8080/ciudadania/servletconsulta)
2019-06-03 10:56:36 [scrapy] DEBUG: Crawled (200) <POST http://www2.repuve.gob.mx:8080/ciudadania/servletconsulta> (referer: http://www2.repuve.gob.mx:8080/ciudadania/jcaptcha)
2019-06-03 10:56:36 [scrapy] DEBUG: Scraped from <200 http://www2.repuve.gob.mx:8080/ciudadania/servletconsulta>
{'brand': 'CHEVROLET', 'model': 'CORSA', 'yearModel': '2005', 'class_': 'AUTOMOVIL', 'type_': 'SEDAN', 'niv': '93CXM19R95C217472', 'nci': '22BOH2FL', 'plate': 'ULG892B', 'doors': '4', 'originCity': 'BRASIL', 'version': 'PAQ. E SEDAN T/M  MOTOR 1.8 LT', 'ccl': '1.8L', 'cylinders': 'L4', 'axles': None, 'assemblyPlant': 'BRASIL', 'extra': 'SEDAN 4 PUERTAS     CINTURONES DE 3 PUNTOS     BRASIL', 'enrolledInstitution': 'SECRETARIA DE FINANZAS DEL EDO DE MEXICO', 'enrolledDate': '02/07/2007', 'enrolledHour': '23:08:56', 'registrationEntity': 'QUERETARO', 'registrationDate': '21/12/2018', 'lastUpdate': '14/01/2019', 'PGJ': 'Sin Reporte de Robo', 'OCRA': 'Sin Reporte de Robo'}
2019-06-03 10:56:36 [scrapy] INFO: Closing spider (finished)
2019-06-03 10:56:36 [scrapy] INFO: Dumping Scrapy stats:
{'downloader/request_bytes': 1666,
 'downloader/request_count': 4,
 'downloader/request_method_count/GET': 3,
 'downloader/request_method_count/POST': 1,
 'downloader/response_bytes': 34503,
 'downloader/response_count': 4,
 'downloader/response_status_count/200': 3,
 'downloader/response_status_count/404': 1,
 'finish_reason': 'finished',
 'finish_time': datetime.datetime(2019, 6, 3, 15, 56, 36, 731994),
 'item_scraped_count': 1,
 'log_count/DEBUG': 5,
 'log_count/INFO': 6,
 'request_depth_max': 2,
 'response_received_count': 4,
 'robotstxt/request_count': 1,
 'robotstxt/response_count': 1,
 'robotstxt/response_status_count/404': 1,
 'scheduler/dequeued': 3,
 'scheduler/dequeued/memory': 3,
 'scheduler/enqueued': 3,
 'scheduler/enqueued/memory': 3,
 'start_time': datetime.datetime(2019, 6, 3, 15, 56, 34, 479866)}
2019-06-03 10:56:36 [scrapy] INFO: Spider closed (finished)
