2019-06-03 12:22:45 [scrapy] DEBUG: Crawled (404) <GET http://www2.repuve.gob.mx:8080/robots.txt> (referer: None)
2019-06-03 12:22:45 [scrapy] DEBUG: Crawled (200) <GET http://www2.repuve.gob.mx:8080/ciudadania/servletconsulta> (referer: None)
2019-06-03 12:22:45 [scrapy] DEBUG: Crawled (200) <GET http://www2.repuve.gob.mx:8080/ciudadania/jcaptcha> (referer: http://www2.repuve.gob.mx:8080/ciudadania/servletconsulta)
2019-06-03 12:22:46 [scrapy] DEBUG: Scraped from <200 http://www2.repuve.gob.mx:8080/ciudadania/jcaptcha>
{'error': 'No se introdujo placa'}
2019-06-03 12:22:46 [scrapy] INFO: Closing spider (finished)
2019-06-03 12:22:46 [scrapy] INFO: Dumping Scrapy stats:
{'downloader/request_bytes': 1101,
 'downloader/request_count': 3,
 'downloader/request_method_count/GET': 3,
 'downloader/response_bytes': 21563,
 'downloader/response_count': 3,
 'downloader/response_status_count/200': 2,
 'downloader/response_status_count/404': 1,
 'finish_reason': 'finished',
 'finish_time': datetime.datetime(2019, 6, 3, 17, 22, 46, 387682),
 'item_scraped_count': 1,
 'log_count/DEBUG': 4,
 'log_count/INFO': 6,
 'request_depth_max': 1,
 'response_received_count': 3,
 'robotstxt/request_count': 1,
 'robotstxt/response_count': 1,
 'robotstxt/response_status_count/404': 1,
 'scheduler/dequeued': 2,
 'scheduler/dequeued/memory': 2,
 'scheduler/enqueued': 2,
 'scheduler/enqueued/memory': 2,
 'start_time': datetime.datetime(2019, 6, 3, 17, 22, 45, 35604)}
2019-06-03 12:22:46 [scrapy] INFO: Spider closed (finished)
