2019-06-03 11:44:37 [scrapy] DEBUG: Crawled (404) <GET http://www2.repuve.gob.mx:8080/robots.txt> (referer: None)
2019-06-03 11:44:38 [scrapy] DEBUG: Crawled (200) <GET http://www2.repuve.gob.mx:8080/ciudadania/servletconsulta> (referer: None)
2019-06-03 11:44:38 [scrapy] ERROR: Spider must return Request, BaseItem, dict or None, got 'str' in <GET http://www2.repuve.gob.mx:8080/ciudadania/servletconsulta>
2019-06-03 11:44:38 [scrapy] INFO: Closing spider (finished)
2019-06-03 11:44:38 [scrapy] INFO: Dumping Scrapy stats:
{'downloader/request_bytes': 632,
 'downloader/request_count': 2,
 'downloader/request_method_count/GET': 2,
 'downloader/response_bytes': 14655,
 'downloader/response_count': 2,
 'downloader/response_status_count/200': 1,
 'downloader/response_status_count/404': 1,
 'finish_reason': 'finished',
 'finish_time': datetime.datetime(2019, 6, 3, 16, 44, 38, 420818),
 'log_count/DEBUG': 2,
 'log_count/ERROR': 1,
 'log_count/INFO': 6,
 'response_received_count': 2,
 'robotstxt/request_count': 1,
 'robotstxt/response_count': 1,
 'robotstxt/response_status_count/404': 1,
 'scheduler/dequeued': 1,
 'scheduler/dequeued/memory': 1,
 'scheduler/enqueued': 1,
 'scheduler/enqueued/memory': 1,
 'start_time': datetime.datetime(2019, 6, 3, 16, 44, 37, 791782)}
2019-06-03 11:44:38 [scrapy] INFO: Spider closed (finished)
