2019-06-06 09:55:53 [scrapy] DEBUG: Crawled (404) <GET http://www2.repuve.gob.mx:8080/robots.txt> (referer: None)
2019-06-06 09:55:54 [scrapy] DEBUG: Crawled (200) <GET http://www2.repuve.gob.mx:8080/ciudadania/servletconsulta> (referer: None)
2019-06-06 09:55:54 [scrapy] DEBUG: Crawled (200) <GET http://www2.repuve.gob.mx:8080/ciudadania/jcaptcha> (referer: http://www2.repuve.gob.mx:8080/ciudadania/servletconsulta)
2019-06-06 09:55:55 [scrapy] DEBUG: Crawled (200) <POST http://www2.repuve.gob.mx:8080/ciudadania/servletconsulta> (referer: http://www2.repuve.gob.mx:8080/ciudadania/jcaptcha)
2019-06-06 09:55:55 [scrapy] DEBUG: Scraped from <200 http://www2.repuve.gob.mx:8080/ciudadania/servletconsulta>
{'brand': 'NISSAN', 'model': 'VERSA', 'yearModel': '2018', 'class_': 'AUTOMOVIL', 'type_': 'SEDAN', 'niv': '3N1CN7AD2JK408327', 'nci': '4A0DIFFN', 'plate': 'UMH990A', 'doors': '4 PUERTAS', 'originCity': 'MEXICO', 'version': 'SENSE A/T A/C 1.6L', 'ccl': '1.6L', 'cylinders': 'L4', 'axles': None, 'assemblyPlant': 'CUERNAVACA, MORELOS. MEXICO', 'extra': ' CAMBIO QUE HA SUFRIDO EL MODELO SEDAN 4 PUERTAS BOLSA DE AIRE (COND / PASAJ) CINT. CUERNAVACA, MORELOS. MEXICO HR16 1.6L, L4', 'enrolledInstitution': 'NISSAN MEXICANA, S.A. DE C.V.', 'enrolledDate': '19/10/2017', 'enrolledHour': '11:07:56', 'registrationEntity': 'QUERETARO', 'registrationDate': '22/12/2017', 'lastUpdate': '08/03/2018', 'PGJ': 'Sin Reporte de Robo', 'OCRA': 'Sin Reporte de Robo'}
2019-06-06 09:55:55 [scrapy] INFO: Closing spider (finished)
2019-06-06 09:55:55 [scrapy] INFO: Dumping Scrapy stats:
{'downloader/request_bytes': 1667,
 'downloader/request_count': 4,
 'downloader/request_method_count/GET': 3,
 'downloader/request_method_count/POST': 1,
 'downloader/response_bytes': 34665,
 'downloader/response_count': 4,
 'downloader/response_status_count/200': 3,
 'downloader/response_status_count/404': 1,
 'finish_reason': 'finished',
 'finish_time': datetime.datetime(2019, 6, 6, 14, 55, 55, 472259),
 'item_scraped_count': 1,
 'log_count/DEBUG': 5,
 'log_count/INFO': 6,
 'request_depth_max': 2,
 'response_received_count': 4,
 'robotstxt/request_count': 1,
 'robotstxt/response_count': 1,
 'robotstxt/response_status_count/404': 1,
 'scheduler/dequeued': 3,
 'scheduler/dequeued/memory': 3,
 'scheduler/enqueued': 3,
 'scheduler/enqueued/memory': 3,
 'start_time': datetime.datetime(2019, 6, 6, 14, 55, 53, 816165)}
2019-06-06 09:55:55 [scrapy] INFO: Spider closed (finished)
