2019-05-31 11:21:00 [scrapy] DEBUG: Crawled (404) <GET http://www2.repuve.gob.mx:8080/robots.txt> (referer: None)
2019-05-31 11:21:00 [scrapy] DEBUG: Crawled (200) <GET http://www2.repuve.gob.mx:8080/ciudadania/servletconsulta> (referer: None)
2019-05-31 11:21:00 [scrapy] DEBUG: Crawled (200) <GET http://www2.repuve.gob.mx:8080/ciudadania/jcaptcha> (referer: http://www2.repuve.gob.mx:8080/ciudadania/servletconsulta)
2019-05-31 11:21:02 [scrapy] DEBUG: Crawled (200) <POST http://www2.repuve.gob.mx:8080/ciudadania/servletconsulta> (referer: http://www2.repuve.gob.mx:8080/ciudadania/jcaptcha)
2019-05-31 11:21:02 [captcha] DEBUG: Saved file info.html
2019-05-31 11:21:02 [scrapy] DEBUG: Scraped from <200 http://www2.repuve.gob.mx:8080/ciudadania/servletconsulta>
{'brand': '<small>null</small>', 'model': None}
2019-05-31 11:21:02 [scrapy] INFO: Closing spider (finished)
2019-05-31 11:21:02 [scrapy] INFO: Dumping Scrapy stats:
{'downloader/request_bytes': 1666,
 'downloader/request_count': 4,
 'downloader/request_method_count/GET': 3,
 'downloader/request_method_count/POST': 1,
 'downloader/response_bytes': 37775,
 'downloader/response_count': 4,
 'downloader/response_status_count/200': 3,
 'downloader/response_status_count/404': 1,
 'finish_reason': 'finished',
 'finish_time': datetime.datetime(2019, 5, 31, 16, 21, 2, 635191),
 'item_scraped_count': 1,
 'log_count/DEBUG': 6,
 'log_count/INFO': 6,
 'request_depth_max': 2,
 'response_received_count': 4,
 'robotstxt/request_count': 1,
 'robotstxt/response_count': 1,
 'robotstxt/response_status_count/404': 1,
 'scheduler/dequeued': 3,
 'scheduler/dequeued/memory': 3,
 'scheduler/enqueued': 3,
 'scheduler/enqueued/memory': 3,
 'start_time': datetime.datetime(2019, 5, 31, 16, 21, 0, 78044)}
2019-05-31 11:21:02 [scrapy] INFO: Spider closed (finished)
