2019-05-31 11:24:28 [scrapy] DEBUG: Crawled (404) <GET http://www2.repuve.gob.mx:8080/robots.txt> (referer: None)
2019-05-31 11:24:28 [scrapy] DEBUG: Crawled (200) <GET http://www2.repuve.gob.mx:8080/ciudadania/servletconsulta> (referer: None)
2019-05-31 11:24:29 [scrapy] DEBUG: Crawled (200) <GET http://www2.repuve.gob.mx:8080/ciudadania/jcaptcha> (referer: http://www2.repuve.gob.mx:8080/ciudadania/servletconsulta)
2019-05-31 11:24:29 [scrapy] DEBUG: Crawled (200) <POST http://www2.repuve.gob.mx:8080/ciudadania/servletconsulta> (referer: http://www2.repuve.gob.mx:8080/ciudadania/jcaptcha)
2019-05-31 11:24:29 [captcha] DEBUG: Saved file info.html
2019-05-31 11:24:29 [scrapy] ERROR: Spider error processing <POST http://www2.repuve.gob.mx:8080/ciudadania/servletconsulta> (referer: http://www2.repuve.gob.mx:8080/ciudadania/jcaptcha)
Traceback (most recent call last):
  File "C:\Users\Ochoa\API-REPUVE\lib\site-packages\twisted\internet\defer.py", line 654, in _runCallbacks
    current.result = callback(current.result, *args, **kw)
  File "C:\Users\Ochoa\PycharmProjects\API-REPUVE\repuve_spider\repuve_spider\spiders\repuve_spider.py", line 54, in after_captcha
    f.write(data)
TypeError: a bytes-like object is required, not 'dict'
2019-05-31 11:24:30 [scrapy] INFO: Closing spider (finished)
2019-05-31 11:24:30 [scrapy] INFO: Dumping Scrapy stats:
{'downloader/request_bytes': 1666,
 'downloader/request_count': 4,
 'downloader/request_method_count/GET': 3,
 'downloader/request_method_count/POST': 1,
 'downloader/response_bytes': 34803,
 'downloader/response_count': 4,
 'downloader/response_status_count/200': 3,
 'downloader/response_status_count/404': 1,
 'finish_reason': 'finished',
 'finish_time': datetime.datetime(2019, 5, 31, 16, 24, 30, 39054),
 'log_count/DEBUG': 5,
 'log_count/ERROR': 1,
 'log_count/INFO': 6,
 'request_depth_max': 2,
 'response_received_count': 4,
 'robotstxt/request_count': 1,
 'robotstxt/response_count': 1,
 'robotstxt/response_status_count/404': 1,
 'scheduler/dequeued': 3,
 'scheduler/dequeued/memory': 3,
 'scheduler/enqueued': 3,
 'scheduler/enqueued/memory': 3,
 'spider_exceptions/TypeError': 1,
 'start_time': datetime.datetime(2019, 5, 31, 16, 24, 24, 867758)}
2019-05-31 11:24:30 [scrapy] INFO: Spider closed (finished)
