2019-05-31 10:56:38 [scrapy] DEBUG: Crawled (404) <GET http://www2.repuve.gob.mx:8080/robots.txt> (referer: None)
2019-05-31 10:56:39 [scrapy] DEBUG: Crawled (200) <GET http://www2.repuve.gob.mx:8080/ciudadania/servletconsulta> (referer: None)
2019-05-31 10:56:39 [scrapy] DEBUG: Crawled (200) <GET http://www2.repuve.gob.mx:8080/ciudadania/jcaptcha> (referer: http://www2.repuve.gob.mx:8080/ciudadania/servletconsulta)
2019-05-31 10:56:40 [scrapy] ERROR: Spider error processing <GET http://www2.repuve.gob.mx:8080/ciudadania/jcaptcha> (referer: http://www2.repuve.gob.mx:8080/ciudadania/servletconsulta)
Traceback (most recent call last):
  File "C:\Users\Ochoa\API-REPUVE\lib\site-packages\scrapy\utils\defer.py", line 102, in iter_errback
    yield next(it)
  File "C:\Users\Ochoa\API-REPUVE\lib\site-packages\scrapy\spidermiddlewares\offsite.py", line 29, in process_spider_output
    for x in result:
  File "C:\Users\Ochoa\API-REPUVE\lib\site-packages\scrapy\spidermiddlewares\referer.py", line 339, in <genexpr>
    return (_set_referer(r) for r in result or ())
  File "C:\Users\Ochoa\API-REPUVE\lib\site-packages\scrapy\spidermiddlewares\urllength.py", line 37, in <genexpr>
    return (r for r in result or () if _filter(r))
  File "C:\Users\Ochoa\API-REPUVE\lib\site-packages\scrapy\spidermiddlewares\depth.py", line 58, in <genexpr>
    return (r for r in result or () if _filter(r))
  File "C:\Users\Ochoa\PycharmProjects\API-REPUVE\repuve_spider\repuve_spider\spiders\repuve_spider.py", line 33, in parse_captcha
    'placa': response.meta['plate'],
KeyError: 'plate'
2019-05-31 10:56:40 [scrapy] INFO: Closing spider (finished)
2019-05-31 10:56:40 [scrapy] INFO: Dumping Scrapy stats:
{'downloader/request_bytes': 1101,
 'downloader/request_count': 3,
 'downloader/request_method_count/GET': 3,
 'downloader/response_bytes': 21465,
 'downloader/response_count': 3,
 'downloader/response_status_count/200': 2,
 'downloader/response_status_count/404': 1,
 'finish_reason': 'finished',
 'finish_time': datetime.datetime(2019, 5, 31, 15, 56, 40, 608568),
 'log_count/DEBUG': 3,
 'log_count/ERROR': 1,
 'log_count/INFO': 6,
 'request_depth_max': 1,
 'response_received_count': 3,
 'robotstxt/request_count': 1,
 'robotstxt/response_count': 1,
 'robotstxt/response_status_count/404': 1,
 'scheduler/dequeued': 2,
 'scheduler/dequeued/memory': 2,
 'scheduler/enqueued': 2,
 'scheduler/enqueued/memory': 2,
 'spider_exceptions/KeyError': 1,
 'start_time': datetime.datetime(2019, 5, 31, 15, 56, 38, 622454)}
2019-05-31 10:56:40 [scrapy] INFO: Spider closed (finished)
