2019-06-12 13:05:18 [scrapy] DEBUG: Crawled (404) <GET https://consultas.curp.gob.mx/robots.txt> (referer: None)
2019-06-12 13:05:20 [scrapy] DEBUG: Crawled (200) <GET https://consultas.curp.gob.mx/CurpSP/gobmx/inicio.jsp> (referer: None)
2019-06-12 13:05:22 [scrapy] DEBUG: Crawled (200) <GET https://consultas.curp.gob.mx/CurpSP/captchaCurp> (referer: https://consultas.curp.gob.mx/CurpSP/gobmx/inicio.jsp)
2019-06-12 13:05:23 [scrapy] DEBUG: Crawled (200) <GET https://consultas.curp.gob.mx/CurpSP/gobmx/inicio.jsp> (referer: https://consultas.curp.gob.mx/CurpSP/captchaCurp)
2019-06-12 13:05:24 [scrapy] DEBUG: Crawled (200) <GET https://consultas.curp.gob.mx/CurpSP/captchaCurp> (referer: https://consultas.curp.gob.mx/CurpSP/gobmx/inicio.jsp)
2019-06-12 13:05:25 [scrapy] DEBUG: Crawled (200) <POST https://consultas.curp.gob.mx/CurpSP/gobmx/consultaXCurp.do> (referer: https://consultas.curp.gob.mx/CurpSP/captchaCurp)
2019-06-12 13:05:25 [scrapy] DEBUG: Scraped from <200 https://consultas.curp.gob.mx/CurpSP/gobmx/consultaXCurp.do>
{'name': 'JUAN JOSUE', 'paternal_surname': 'HERNANDEZ', 'maternal_surname': 'TAPIA', 'sex': 'HOMBRE', 'birth_date': '28/12/1981', 'citizenship': 'MEXICO', 'birth_entity': 'DISTRITO FEDERAL'}
2019-06-12 13:05:25 [scrapy] INFO: Closing spider (finished)
2019-06-12 13:05:25 [scrapy] INFO: Dumping Scrapy stats:
{'downloader/request_bytes': 3256,
 'downloader/request_count': 6,
 'downloader/request_method_count/GET': 5,
 'downloader/request_method_count/POST': 1,
 'downloader/response_bytes': 87638,
 'downloader/response_count': 6,
 'downloader/response_status_count/200': 5,
 'downloader/response_status_count/404': 1,
 'finish_reason': 'finished',
 'finish_time': datetime.datetime(2019, 6, 12, 18, 5, 25, 429842),
 'item_scraped_count': 1,
 'log_count/DEBUG': 15,
 'log_count/INFO': 6,
 'request_depth_max': 4,
 'response_received_count': 6,
 'robotstxt/request_count': 1,
 'robotstxt/response_count': 1,
 'robotstxt/response_status_count/404': 1,
 'scheduler/dequeued': 5,
 'scheduler/dequeued/memory': 5,
 'scheduler/enqueued': 5,
 'scheduler/enqueued/memory': 5,
 'start_time': datetime.datetime(2019, 6, 12, 18, 5, 18, 288434)}
2019-06-12 13:05:25 [scrapy] INFO: Spider closed (finished)
