2019-06-12 13:03:09 [scrapy] DEBUG: Crawled (404) <GET https://consultas.curp.gob.mx/robots.txt> (referer: None)
2019-06-12 13:03:27 [scrapy] DEBUG: Retrying <GET https://consultas.curp.gob.mx/CurpSP/gobmx/inicio.jsp> (failed 1 times): [<twisted.python.failure.Failure twisted.internet.error.ConnectionLost: Connection to the other side was lost in a non-clean fashion: Connection lost.>, <twisted.python.failure.Failure twisted.web.http._DataLoss: Chunked decoder in 'BODY' state, still expecting more data to get to 'FINISHED' state.>]
2019-06-12 13:04:50 [scrapy] DEBUG: Retrying <GET https://consultas.curp.gob.mx/CurpSP/gobmx/inicio.jsp> (failed 2 times): [<twisted.python.failure.Failure twisted.internet.error.ConnectionLost: Connection to the other side was lost in a non-clean fashion: Connection lost.>]
2019-06-12 13:04:50 [scrapy] DEBUG: Gave up retrying <GET https://consultas.curp.gob.mx/CurpSP/gobmx/inicio.jsp> (failed 3 times): DNS lookup failed: no results for hostname lookup: consultas.curp.gob.mx.
2019-06-12 13:04:50 [scrapy] ERROR: Error downloading <GET https://consultas.curp.gob.mx/CurpSP/gobmx/inicio.jsp>
Traceback (most recent call last):
  File "C:\Users\Ochoa\API-REPUVE\lib\site-packages\twisted\internet\defer.py", line 1416, in _inlineCallbacks
    result = result.throwExceptionIntoGenerator(g)
  File "C:\Users\Ochoa\API-REPUVE\lib\site-packages\twisted\python\failure.py", line 491, in throwExceptionIntoGenerator
    return g.throw(self.type, self.value, self.tb)
  File "C:\Users\Ochoa\API-REPUVE\lib\site-packages\scrapy\core\downloader\middleware.py", line 43, in process_request
    defer.returnValue((yield download_func(request=request,spider=spider)))
  File "C:\Users\Ochoa\API-REPUVE\lib\site-packages\twisted\internet\defer.py", line 654, in _runCallbacks
    current.result = callback(current.result, *args, **kw)
  File "C:\Users\Ochoa\API-REPUVE\lib\site-packages\twisted\internet\endpoints.py", line 975, in startConnectionAttempts
    "no results for hostname lookup: {}".format(self._hostStr)
twisted.internet.error.DNSLookupError: DNS lookup failed: no results for hostname lookup: consultas.curp.gob.mx.
2019-06-12 13:04:50 [scrapy] INFO: Closing spider (finished)
2019-06-12 13:04:50 [scrapy] INFO: Dumping Scrapy stats:
{'downloader/exception_count': 3,
 'downloader/exception_type_count/twisted.internet.error.DNSLookupError': 1,
 'downloader/exception_type_count/twisted.web._newclient.ResponseFailed': 1,
 'downloader/exception_type_count/twisted.web._newclient.ResponseNeverReceived': 1,
 'downloader/request_bytes': 1691,
 'downloader/request_count': 4,
 'downloader/request_method_count/GET': 4,
 'downloader/response_bytes': 469,
 'downloader/response_count': 1,
 'downloader/response_status_count/404': 1,
 'finish_reason': 'finished',
 'finish_time': datetime.datetime(2019, 6, 12, 18, 4, 50, 548847),
 'log_count/DEBUG': 4,
 'log_count/ERROR': 1,
 'log_count/INFO': 6,
 'log_count/WARNING': 1,
 'response_received_count': 1,
 'retry/count': 2,
 'retry/max_reached': 1,
 'retry/reason_count/twisted.web._newclient.ResponseFailed': 1,
 'retry/reason_count/twisted.web._newclient.ResponseNeverReceived': 1,
 'robotstxt/request_count': 1,
 'robotstxt/response_count': 1,
 'robotstxt/response_status_count/404': 1,
 'scheduler/dequeued': 3,
 'scheduler/dequeued/memory': 3,
 'scheduler/enqueued': 3,
 'scheduler/enqueued/memory': 3,
 'start_time': datetime.datetime(2019, 6, 12, 18, 2, 58, 595444)}
2019-06-12 13:04:50 [scrapy] INFO: Spider closed (finished)
