2019-06-10 11:59:07 [scrapy] DEBUG: Crawled (404) <GET https://consultas.curp.gob.mx/robots.txt> (referer: None)
2019-06-10 11:59:08 [scrapy] DEBUG: Crawled (200) <GET https://consultas.curp.gob.mx/CurpSP/gobmx/inicio.jsp> (referer: None)
2019-06-10 11:59:08 [scrapy] DEBUG: Crawled (200) <GET https://consultas.curp.gob.mx/CurpSP/captchaCurp> (referer: https://consultas.curp.gob.mx/CurpSP/gobmx/inicio.jsp)
2019-06-10 11:59:09 [scrapy] DEBUG: Crawled (200) <POST https://consultas.curp.gob.mx/CurpSP/gobmx/consultaXCurp.do;jsessionid=JWhCU_mmKWuQi39edIHSeLfOsgTOWwp4XGPqYRl68Ob-xor-gp-O!-132726637> (referer: https://consultas.curp.gob.mx/CurpSP/captchaCurp)
2019-06-10 11:59:10 [scrapy] DEBUG: Crawled (200) <GET https://consultas.curp.gob.mx/CurpSP/gobmx/inicio.jsp> (referer: https://consultas.curp.gob.mx/CurpSP/gobmx/consultaXCurp.do;jsessionid=JWhCU_mmKWuQi39edIHSeLfOsgTOWwp4XGPqYRl68Ob-xor-gp-O!-132726637)
2019-06-10 11:59:11 [scrapy] DEBUG: Crawled (200) <GET https://consultas.curp.gob.mx/CurpSP/captchaCurp> (referer: https://consultas.curp.gob.mx/CurpSP/gobmx/inicio.jsp)
2019-06-10 11:59:12 [scrapy] DEBUG: Crawled (200) <GET https://consultas.curp.gob.mx/CurpSP/gobmx/inicio.jsp> (referer: https://consultas.curp.gob.mx/CurpSP/captchaCurp)
2019-06-10 11:59:13 [scrapy] DEBUG: Crawled (200) <GET https://consultas.curp.gob.mx/CurpSP/captchaCurp> (referer: https://consultas.curp.gob.mx/CurpSP/gobmx/inicio.jsp)
2019-06-10 11:59:14 [scrapy] DEBUG: Crawled (200) <GET https://consultas.curp.gob.mx/CurpSP/gobmx/inicio.jsp> (referer: https://consultas.curp.gob.mx/CurpSP/captchaCurp)
2019-06-10 11:59:14 [scrapy] DEBUG: Crawled (200) <GET https://consultas.curp.gob.mx/CurpSP/captchaCurp> (referer: https://consultas.curp.gob.mx/CurpSP/gobmx/inicio.jsp)
2019-06-10 11:59:15 [scrapy] DEBUG: Crawled (200) <GET https://consultas.curp.gob.mx/CurpSP/gobmx/inicio.jsp> (referer: https://consultas.curp.gob.mx/CurpSP/captchaCurp)
2019-06-10 11:59:16 [scrapy] DEBUG: Crawled (200) <GET https://consultas.curp.gob.mx/CurpSP/captchaCurp> (referer: https://consultas.curp.gob.mx/CurpSP/gobmx/inicio.jsp)
2019-06-10 11:59:18 [scrapy] DEBUG: Crawled (200) <GET https://consultas.curp.gob.mx/CurpSP/gobmx/inicio.jsp> (referer: https://consultas.curp.gob.mx/CurpSP/captchaCurp)
2019-06-10 11:59:18 [scrapy] DEBUG: Crawled (200) <GET https://consultas.curp.gob.mx/CurpSP/captchaCurp> (referer: https://consultas.curp.gob.mx/CurpSP/gobmx/inicio.jsp)
2019-06-10 11:59:19 [scrapy] DEBUG: Crawled (200) <GET https://consultas.curp.gob.mx/CurpSP/gobmx/inicio.jsp> (referer: https://consultas.curp.gob.mx/CurpSP/captchaCurp)
2019-06-10 11:59:20 [scrapy] DEBUG: Crawled (200) <GET https://consultas.curp.gob.mx/CurpSP/captchaCurp> (referer: https://consultas.curp.gob.mx/CurpSP/gobmx/inicio.jsp)
2019-06-10 11:59:21 [scrapy] DEBUG: Crawled (200) <POST https://consultas.curp.gob.mx/CurpSP/gobmx/consultaXCurp.do> (referer: https://consultas.curp.gob.mx/CurpSP/captchaCurp)
2019-06-10 11:59:22 [scrapy] DEBUG: Crawled (200) <GET https://consultas.curp.gob.mx/CurpSP/gobmx/inicio.jsp> (referer: https://consultas.curp.gob.mx/CurpSP/gobmx/consultaXCurp.do)
2019-06-10 11:59:22 [scrapy] DEBUG: Crawled (200) <GET https://consultas.curp.gob.mx/CurpSP/captchaCurp> (referer: https://consultas.curp.gob.mx/CurpSP/gobmx/inicio.jsp)
2019-06-10 11:59:23 [scrapy] DEBUG: Crawled (200) <GET https://consultas.curp.gob.mx/CurpSP/gobmx/inicio.jsp> (referer: https://consultas.curp.gob.mx/CurpSP/captchaCurp)
2019-06-10 11:59:23 [scrapy] DEBUG: Crawled (200) <GET https://consultas.curp.gob.mx/CurpSP/captchaCurp> (referer: https://consultas.curp.gob.mx/CurpSP/gobmx/inicio.jsp)
2019-06-10 11:59:25 [scrapy] DEBUG: Crawled (200) <POST https://consultas.curp.gob.mx/CurpSP/gobmx/consultaXCurp.do> (referer: https://consultas.curp.gob.mx/CurpSP/captchaCurp)
2019-06-10 11:59:25 [scrapy] DEBUG: Scraped from <200 https://consultas.curp.gob.mx/CurpSP/gobmx/consultaXCurp.do>
{'name': 'ALEJANDRO', 'paternal_surname': 'OCHOA', 'maternal_surname': 'GARCIA', 'sex': 'HOMBRE', 'birth_date': '12/04/1998', 'citizenship': 'MEXICO', 'birth_entity': 'QUERETARO'}
2019-06-10 11:59:25 [scrapy] INFO: Closing spider (finished)
2019-06-10 11:59:25 [scrapy] INFO: Dumping Scrapy stats:
{'downloader/request_bytes': 13158,
 'downloader/request_count': 22,
 'downloader/request_method_count/GET': 19,
 'downloader/request_method_count/POST': 3,
 'downloader/response_bytes': 358204,
 'downloader/response_count': 22,
 'downloader/response_status_count/200': 21,
 'downloader/response_status_count/404': 1,
 'finish_reason': 'finished',
 'finish_time': datetime.datetime(2019, 6, 10, 16, 59, 25, 151637),
 'item_scraped_count': 1,
 'log_count/DEBUG': 41,
 'log_count/INFO': 6,
 'request_depth_max': 20,
 'response_received_count': 22,
 'robotstxt/request_count': 1,
 'robotstxt/response_count': 1,
 'robotstxt/response_status_count/404': 1,
 'scheduler/dequeued': 21,
 'scheduler/dequeued/memory': 21,
 'scheduler/enqueued': 21,
 'scheduler/enqueued/memory': 21,
 'start_time': datetime.datetime(2019, 6, 10, 16, 59, 5, 771529)}
2019-06-10 11:59:25 [scrapy] INFO: Spider closed (finished)
